c:\users\matt joncas\documents\visual studio 2013\projects\raknetserver\raknetserver\debug\vc120.pdb
c:\users\matt joncas\documents\visual studio 2013\projects\raknetserver\raknetserver\debug\vc120.idb
c:\users\matt joncas\documents\visual studio 2013\projects\raknetserver\raknetserver\debug\superfasthash.obj
c:\users\matt joncas\documents\visual studio 2013\projects\raknetserver\raknetserver\debug\tableserializer.obj
c:\users\matt joncas\documents\visual studio 2013\projects\raknetserver\raknetserver\debug\tcpinterface.obj
c:\users\matt joncas\documents\visual studio 2013\projects\raknetserver\raknetserver\debug\teambalancer.obj
c:\users\matt joncas\documents\visual studio 2013\projects\raknetserver\raknetserver\debug\teammanager.obj
c:\users\matt joncas\documents\visual studio 2013\projects\raknetserver\raknetserver\debug\telnettransport.obj
c:\users\matt joncas\documents\visual studio 2013\projects\raknetserver\raknetserver\debug\threadsafepacketlogger.obj
c:\users\matt joncas\documents\visual studio 2013\projects\raknetserver\raknetserver\debug\twowayauthentication.obj
c:\users\matt joncas\documents\visual studio 2013\projects\raknetserver\raknetserver\debug\udpforwarder.obj
c:\users\matt joncas\documents\visual studio 2013\projects\raknetserver\raknetserver\debug\udpproxyclient.obj
c:\users\matt joncas\documents\visual studio 2013\projects\raknetserver\raknetserver\debug\udpproxycoordinator.obj
c:\users\matt joncas\documents\visual studio 2013\projects\raknetserver\raknetserver\debug\udpproxyserver.obj
c:\users\matt joncas\documents\visual studio 2013\projects\raknetserver\raknetserver\debug\variabledeltaserializer.obj
c:\users\matt joncas\documents\visual studio 2013\projects\raknetserver\raknetserver\debug\variablelistdeltatracker.obj
c:\users\matt joncas\documents\visual studio 2013\projects\raknetserver\raknetserver\debug\variadicsqlparser.obj
c:\users\matt joncas\documents\visual studio 2013\projects\raknetserver\raknetserver\debug\vitaincludes.obj
c:\users\matt joncas\documents\visual studio 2013\projects\raknetserver\raknetserver\debug\wsastartupsingleton.obj
c:\users\matt joncas\documents\visual studio 2013\projects\raknetserver\raknetserver\debug\_findfirst.obj
c:\users\matt joncas\documents\visual studio 2013\projects\raknetserver\raknetserver\debug\main.obj
c:\users\matt joncas\documents\visual studio 2013\projects\raknetserver\raknetserver\debug\networkmanager.obj
c:\users\matt joncas\documents\visual studio 2013\projects\raknetserver\raknetserver\debug\raksleep.obj
c:\users\matt joncas\documents\visual studio 2013\projects\raknetserver\raknetserver\debug\rakstring.obj
c:\users\matt joncas\documents\visual studio 2013\projects\raknetserver\raknetserver\debug\rakthread.obj
c:\users\matt joncas\documents\visual studio 2013\projects\raknetserver\raknetserver\debug\rakwstring.obj
c:\users\matt joncas\documents\visual studio 2013\projects\raknetserver\raknetserver\debug\rand.obj
c:\users\matt joncas\documents\visual studio 2013\projects\raknetserver\raknetserver\debug\randsync.obj
c:\users\matt joncas\documents\visual studio 2013\projects\raknetserver\raknetserver\debug\readyevent.obj
c:\users\matt joncas\documents\visual studio 2013\projects\raknetserver\raknetserver\debug\relayplugin.obj
c:\users\matt joncas\documents\visual studio 2013\projects\raknetserver\raknetserver\debug\reliabilitylayer.obj
c:\users\matt joncas\documents\visual studio 2013\projects\raknetserver\raknetserver\debug\replicamanager3.obj
c:\users\matt joncas\documents\visual studio 2013\projects\raknetserver\raknetserver\debug\router2.obj
c:\users\matt joncas\documents\visual studio 2013\projects\raknetserver\raknetserver\debug\rpc4plugin.obj
c:\users\matt joncas\documents\visual studio 2013\projects\raknetserver\raknetserver\debug\securehandshake.obj
c:\users\matt joncas\documents\visual studio 2013\projects\raknetserver\raknetserver\debug\sendtothread.obj
c:\users\matt joncas\documents\visual studio 2013\projects\raknetserver\raknetserver\debug\signaledevent.obj
c:\users\matt joncas\documents\visual studio 2013\projects\raknetserver\raknetserver\debug\simplemutex.obj
c:\users\matt joncas\documents\visual studio 2013\projects\raknetserver\raknetserver\debug\socketlayer.obj
c:\users\matt joncas\documents\visual studio 2013\projects\raknetserver\raknetserver\debug\statisticshistory.obj
c:\users\matt joncas\documents\visual studio 2013\projects\raknetserver\raknetserver\debug\stringcompressor.obj
c:\users\matt joncas\documents\visual studio 2013\projects\raknetserver\raknetserver\debug\stringtable.obj
c:\users\matt joncas\documents\visual studio 2013\projects\raknetserver\raknetserver\debug\ps4includes.obj
c:\users\matt joncas\documents\visual studio 2013\projects\raknetserver\raknetserver\debug\rackspace.obj
c:\users\matt joncas\documents\visual studio 2013\projects\raknetserver\raknetserver\debug\rakmemoryoverride.obj
c:\users\matt joncas\documents\visual studio 2013\projects\raknetserver\raknetserver\debug\raknetcommandparser.obj
c:\users\matt joncas\documents\visual studio 2013\projects\raknetserver\raknetserver\debug\raknetsocket.obj
c:\users\matt joncas\documents\visual studio 2013\projects\raknetserver\raknetserver\debug\raknetsocket2.obj
c:\users\matt joncas\documents\visual studio 2013\projects\raknetserver\raknetserver\debug\raknetsocket2_360_720.obj
c:\users\matt joncas\documents\visual studio 2013\projects\raknetserver\raknetserver\debug\raknetsocket2_berkley.obj
c:\users\matt joncas\documents\visual studio 2013\projects\raknetserver\raknetserver\debug\raknetsocket2_berkley_nativeclient.obj
c:\users\matt joncas\documents\visual studio 2013\projects\raknetserver\raknetserver\debug\raknetsocket2_nativeclient.obj
c:\users\matt joncas\documents\visual studio 2013\projects\raknetserver\raknetserver\debug\raknetsocket2_ps3_ps4.obj
c:\users\matt joncas\documents\visual studio 2013\projects\raknetserver\raknetserver\debug\raknetsocket2_ps4.obj
c:\users\matt joncas\documents\visual studio 2013\projects\raknetserver\raknetserver\debug\raknetsocket2_vita.obj
c:\users\matt joncas\documents\visual studio 2013\projects\raknetserver\raknetserver\debug\raknetsocket2_windowsstore8.obj
c:\users\matt joncas\documents\visual studio 2013\projects\raknetserver\raknetserver\debug\raknetsocket2_windows_linux.obj
c:\users\matt joncas\documents\visual studio 2013\projects\raknetserver\raknetserver\debug\raknetsocket2_windows_linux_360.obj
c:\users\matt joncas\documents\visual studio 2013\projects\raknetserver\raknetserver\debug\raknetstatistics.obj
c:\users\matt joncas\documents\visual studio 2013\projects\raknetserver\raknetserver\debug\raknettransport2.obj
c:\users\matt joncas\documents\visual studio 2013\projects\raknetserver\raknetserver\debug\raknettypes.obj
c:\users\matt joncas\documents\visual studio 2013\projects\raknetserver\raknetserver\debug\rakpeer.obj
c:\users\matt joncas\documents\visual studio 2013\projects\raknetserver\raknetserver\debug\httpconnection2.obj
c:\users\matt joncas\documents\visual studio 2013\projects\raknetserver\raknetserver\debug\incrementalreadinterface.obj
c:\users\matt joncas\documents\visual studio 2013\projects\raknetserver\raknetserver\debug\itoa.obj
c:\users\matt joncas\documents\visual studio 2013\projects\raknetserver\raknetserver\debug\linuxstrings.obj
c:\users\matt joncas\documents\visual studio 2013\projects\raknetserver\raknetserver\debug\locklesstypes.obj
c:\users\matt joncas\documents\visual studio 2013\projects\raknetserver\raknetserver\debug\logcommandparser.obj
c:\users\matt joncas\documents\visual studio 2013\projects\raknetserver\raknetserver\debug\messagefilter.obj
c:\users\matt joncas\documents\visual studio 2013\projects\raknetserver\raknetserver\debug\natpunchthroughclient.obj
c:\users\matt joncas\documents\visual studio 2013\projects\raknetserver\raknetserver\debug\natpunchthroughserver.obj
c:\users\matt joncas\documents\visual studio 2013\projects\raknetserver\raknetserver\debug\nattypedetectionclient.obj
c:\users\matt joncas\documents\visual studio 2013\projects\raknetserver\raknetserver\debug\nattypedetectioncommon.obj
c:\users\matt joncas\documents\visual studio 2013\projects\raknetserver\raknetserver\debug\nattypedetectionserver.obj
c:\users\matt joncas\documents\visual studio 2013\projects\raknetserver\raknetserver\debug\networkidmanager.obj
c:\users\matt joncas\documents\visual studio 2013\projects\raknetserver\raknetserver\debug\networkidobject.obj
c:\users\matt joncas\documents\visual studio 2013\projects\raknetserver\raknetserver\debug\packetconsolelogger.obj
c:\users\matt joncas\documents\visual studio 2013\projects\raknetserver\raknetserver\debug\packetfilelogger.obj
c:\users\matt joncas\documents\visual studio 2013\projects\raknetserver\raknetserver\debug\packetizedtcp.obj
c:\users\matt joncas\documents\visual studio 2013\projects\raknetserver\raknetserver\debug\packetlogger.obj
c:\users\matt joncas\documents\visual studio 2013\projects\raknetserver\raknetserver\debug\packetoutputwindowlogger.obj
c:\users\matt joncas\documents\visual studio 2013\projects\raknetserver\raknetserver\debug\plugininterface2.obj
c:\users\matt joncas\documents\visual studio 2013\projects\raknetserver\raknetserver\debug\directorydeltatransfer.obj
c:\users\matt joncas\documents\visual studio 2013\projects\raknetserver\raknetserver\debug\dr_sha1.obj
c:\users\matt joncas\documents\visual studio 2013\projects\raknetserver\raknetserver\debug\ds_bytepool.obj
c:\users\matt joncas\documents\visual studio 2013\projects\raknetserver\raknetserver\debug\ds_bytequeue.obj
c:\users\matt joncas\documents\visual studio 2013\projects\raknetserver\raknetserver\debug\ds_huffmanencodingtree.obj
c:\users\matt joncas\documents\visual studio 2013\projects\raknetserver\raknetserver\debug\ds_table.obj
c:\users\matt joncas\documents\visual studio 2013\projects\raknetserver\raknetserver\debug\dyndns.obj
c:\users\matt joncas\documents\visual studio 2013\projects\raknetserver\raknetserver\debug\emailsender.obj
c:\users\matt joncas\documents\visual studio 2013\projects\raknetserver\raknetserver\debug\epochtimetostring.obj
c:\users\matt joncas\documents\visual studio 2013\projects\raknetserver\raknetserver\debug\filelist.obj
c:\users\matt joncas\documents\visual studio 2013\projects\raknetserver\raknetserver\debug\filelisttransfer.obj
c:\users\matt joncas\documents\visual studio 2013\projects\raknetserver\raknetserver\debug\fileoperations.obj
c:\users\matt joncas\documents\visual studio 2013\projects\raknetserver\raknetserver\debug\formatstring.obj
c:\users\matt joncas\documents\visual studio 2013\projects\raknetserver\raknetserver\debug\fullyconnectedmesh2.obj
c:\users\matt joncas\documents\visual studio 2013\projects\raknetserver\raknetserver\debug\getche.obj
c:\users\matt joncas\documents\visual studio 2013\projects\raknetserver\raknetserver\debug\gets.obj
c:\users\matt joncas\documents\visual studio 2013\projects\raknetserver\raknetserver\debug\gettime.obj
c:\users\matt joncas\documents\visual studio 2013\projects\raknetserver\raknetserver\debug\gettimeofday.obj
c:\users\matt joncas\documents\visual studio 2013\projects\raknetserver\raknetserver\debug\gridsectorizer.obj
c:\users\matt joncas\documents\visual studio 2013\projects\raknetserver\raknetserver\debug\httpconnection.obj
c:\users\matt joncas\documents\visual studio 2013\projects\raknetserver\raknetserver\debug\base64encoder.obj
c:\users\matt joncas\documents\visual studio 2013\projects\raknetserver\raknetserver\debug\bitstream.obj
c:\users\matt joncas\documents\visual studio 2013\projects\raknetserver\raknetserver\debug\ccraknetslidingwindow.obj
c:\users\matt joncas\documents\visual studio 2013\projects\raknetserver\raknetserver\debug\ccraknetudt.obj
c:\users\matt joncas\documents\visual studio 2013\projects\raknetserver\raknetserver\debug\checksum.obj
c:\users\matt joncas\documents\visual studio 2013\projects\raknetserver\raknetserver\debug\cloudclient.obj
c:\users\matt joncas\documents\visual studio 2013\projects\raknetserver\raknetserver\debug\cloudcommon.obj
c:\users\matt joncas\documents\visual studio 2013\projects\raknetserver\raknetserver\debug\cloudserver.obj
c:\users\matt joncas\documents\visual studio 2013\projects\raknetserver\raknetserver\debug\commandparserinterface.obj
c:\users\matt joncas\documents\visual studio 2013\projects\raknetserver\raknetserver\debug\connectiongraph2.obj
c:\users\matt joncas\documents\visual studio 2013\projects\raknetserver\raknetserver\debug\consoleserver.obj
c:\users\matt joncas\documents\visual studio 2013\projects\raknetserver\raknetserver\debug\datacompressor.obj
c:\users\matt joncas\documents\visual studio 2013\projects\raknetserver\debug\raknetserver.ilk
c:\users\matt joncas\documents\visual studio 2013\projects\raknetserver\debug\raknetserver.exe
c:\users\matt joncas\documents\visual studio 2013\projects\raknetserver\debug\raknetserver.pdb
c:\users\matt joncas\documents\visual studio 2013\projects\raknetserver\raknetserver\debug\raknetserver.tlog\cl.command.1.tlog
c:\users\matt joncas\documents\visual studio 2013\projects\raknetserver\raknetserver\debug\raknetserver.tlog\cl.read.1.tlog
c:\users\matt joncas\documents\visual studio 2013\projects\raknetserver\raknetserver\debug\raknetserver.tlog\cl.write.1.tlog
c:\users\matt joncas\documents\visual studio 2013\projects\raknetserver\raknetserver\debug\raknetserver.tlog\link.command.1.tlog
c:\users\matt joncas\documents\visual studio 2013\projects\raknetserver\raknetserver\debug\raknetserver.tlog\link.read.1.tlog
c:\users\matt joncas\documents\visual studio 2013\projects\raknetserver\raknetserver\debug\raknetserver.tlog\link.write.1.tlog
