Build started 22/03/2015 2:53:09 AM.
     1>Project "C:\Users\Matt Joncas\Documents\Visual Studio 2013\Projects\RakNetClient\RakNetClient\RakNetClient.vcxproj" on node 2 (Build target(s)).
     1>ClCompile:
         C:\Program Files (x86)\Microsoft Visual Studio 12.0\VC\bin\CL.exe /c /IC:\SFML\include /I"C:\Users\Matt Joncas\Desktop\RakNet-master\Source" /I"C:\Users\Matt Joncas\Documents\Visual Studio 2013\Projects\Renderer\Renderer" /I"C:\Users\Matt Joncas\Desktop\soil\Simple OpenGL Image Library\src" /I"C:\Users\Matt Joncas\Desktop\glm-0.9.5.4\glm" /I"C:\Users\Matt Joncas\Documents\Visual Studio 2013\Projects\GUI\GUI" /ZI /nologo /W3 /WX- /sdl /Od /Oy- /D WIN32 /D _DEBUG /D _CONSOLE /D _LIB /D _CRT_SECURE_NO_WARNINGS /Gm /EHsc /RTC1 /MDd /GS /fp:precise /Zc:wchar_t /Zc:forScope /Fo"Debug\\" /Fd"Debug\vc120.pdb" /Gd /TP /analyze- /errorReport:prompt Game.cpp
         Game.cpp
     1>c:\users\matt joncas\documents\visual studio 2013\projects\raknetclient\raknetclient\game.cpp(58): warning C4244: 'argument' : conversion from 'time_t' to 'unsigned int', possible loss of data
     1>c:\users\matt joncas\documents\visual studio 2013\projects\raknetclient\raknetclient\game.cpp(115): warning C4244: 'argument' : conversion from 'double' to 'int', possible loss of data
     1>c:\users\matt joncas\documents\visual studio 2013\projects\raknetclient\raknetclient\game.cpp(116): warning C4244: 'argument' : conversion from 'double' to 'int', possible loss of data
     1>c:\users\matt joncas\documents\visual studio 2013\projects\raknetclient\raknetclient\game.cpp(117): warning C4244: 'argument' : conversion from 'double' to 'int', possible loss of data
     1>c:\users\matt joncas\documents\visual studio 2013\projects\raknetclient\raknetclient\game.cpp(118): warning C4244: 'argument' : conversion from 'double' to 'int', possible loss of data
     1>c:\users\matt joncas\documents\visual studio 2013\projects\raknetclient\raknetclient\game.cpp(123): warning C4244: 'initializing' : conversion from 'double' to 'int', possible loss of data
     1>c:\users\matt joncas\documents\visual studio 2013\projects\raknetclient\raknetclient\game.cpp(132): warning C4244: 'argument' : conversion from 'double' to 'int', possible loss of data
     1>c:\users\matt joncas\documents\visual studio 2013\projects\raknetclient\raknetclient\game.cpp(133): warning C4244: 'argument' : conversion from 'double' to 'int', possible loss of data
     1>c:\users\matt joncas\documents\visual studio 2013\projects\raknetclient\raknetclient\game.cpp(147): warning C4244: 'argument' : conversion from 'double' to 'int', possible loss of data
     1>c:\users\matt joncas\documents\visual studio 2013\projects\raknetclient\raknetclient\game.cpp(148): warning C4244: 'argument' : conversion from 'double' to 'int', possible loss of data
     1>c:\users\matt joncas\documents\visual studio 2013\projects\raknetclient\raknetclient\game.cpp(155): warning C4244: 'argument' : conversion from 'double' to 'int', possible loss of data
     1>c:\users\matt joncas\documents\visual studio 2013\projects\raknetclient\raknetclient\game.cpp(156): warning C4244: 'argument' : conversion from 'double' to 'int', possible loss of data
     1>c:\users\matt joncas\documents\visual studio 2013\projects\raknetclient\raknetclient\game.cpp(157): warning C4244: 'argument' : conversion from 'double' to 'int', possible loss of data
     1>c:\users\matt joncas\documents\visual studio 2013\projects\raknetclient\raknetclient\game.cpp(158): warning C4244: 'argument' : conversion from 'double' to 'int', possible loss of data
     1>c:\users\matt joncas\documents\visual studio 2013\projects\raknetclient\raknetclient\game.cpp(214): warning C4018: '<' : signed/unsigned mismatch
     1>c:\users\matt joncas\documents\visual studio 2013\projects\raknetclient\raknetclient\game.cpp(217): warning C4018: '<' : signed/unsigned mismatch
     1>c:\users\matt joncas\documents\visual studio 2013\projects\raknetclient\raknetclient\game.cpp(223): warning C4018: '<' : signed/unsigned mismatch
     1>c:\users\matt joncas\documents\visual studio 2013\projects\raknetclient\raknetclient\game.cpp(263): warning C4244: 'argument' : conversion from 'int' to 'float', possible loss of data
     1>c:\users\matt joncas\documents\visual studio 2013\projects\raknetclient\raknetclient\game.cpp(265): warning C4018: '<' : signed/unsigned mismatch
     1>c:\users\matt joncas\documents\visual studio 2013\projects\raknetclient\raknetclient\game.cpp(464): warning C4018: '<' : signed/unsigned mismatch
     1>c:\users\matt joncas\documents\visual studio 2013\projects\raknetclient\raknetclient\game.cpp(539): warning C4244: 'argument' : conversion from 'int' to 'float', possible loss of data
     1>c:\users\matt joncas\documents\visual studio 2013\projects\raknetclient\raknetclient\game.cpp(578): warning C4244: 'argument' : conversion from 'int' to 'float', possible loss of data
     1>c:\users\matt joncas\documents\visual studio 2013\projects\raknetclient\raknetclient\game.cpp(618): warning C4244: 'argument' : conversion from 'int' to 'float', possible loss of data
     1>c:\users\matt joncas\documents\visual studio 2013\projects\raknetclient\raknetclient\game.cpp(618): warning C4244: 'argument' : conversion from 'double' to 'float', possible loss of data
     1>c:\users\matt joncas\documents\visual studio 2013\projects\raknetclient\raknetclient\game.cpp(620): warning C4244: 'argument' : conversion from 'int' to 'float', possible loss of data
     1>c:\users\matt joncas\documents\visual studio 2013\projects\raknetclient\raknetclient\game.cpp(620): warning C4244: 'argument' : conversion from 'double' to 'float', possible loss of data
     1>c:\users\matt joncas\documents\visual studio 2013\projects\raknetclient\raknetclient\game.cpp(664): warning C4018: '<' : signed/unsigned mismatch
     1>c:\users\matt joncas\documents\visual studio 2013\projects\raknetclient\raknetclient\game.cpp(668): warning C4244: 'argument' : conversion from 'int' to 'float', possible loss of data
     1>c:\users\matt joncas\documents\visual studio 2013\projects\raknetclient\raknetclient\game.cpp(694): warning C4244: 'argument' : conversion from 'double' to 'int', possible loss of data
     1>c:\users\matt joncas\documents\visual studio 2013\projects\raknetclient\raknetclient\game.cpp(697): warning C4244: 'argument' : conversion from 'double' to 'int', possible loss of data
     1>c:\users\matt joncas\documents\visual studio 2013\projects\raknetclient\raknetclient\game.cpp(719): warning C4244: 'argument' : conversion from 'int' to 'float', possible loss of data
     1>c:\users\matt joncas\documents\visual studio 2013\projects\raknetclient\raknetclient\game.cpp(750): warning C4244: 'argument' : conversion from 'int' to 'float', possible loss of data
     1>c:\users\matt joncas\documents\visual studio 2013\projects\raknetclient\raknetclient\game.cpp(776): warning C4244: 'argument' : conversion from 'int' to 'float', possible loss of data
     1>c:\users\matt joncas\documents\visual studio 2013\projects\raknetclient\raknetclient\game.cpp(776): warning C4244: 'argument' : conversion from 'double' to 'float', possible loss of data
     1>c:\users\matt joncas\documents\visual studio 2013\projects\raknetclient\raknetclient\game.cpp(778): warning C4244: 'argument' : conversion from 'int' to 'float', possible loss of data
     1>c:\users\matt joncas\documents\visual studio 2013\projects\raknetclient\raknetclient\game.cpp(778): warning C4244: 'argument' : conversion from 'double' to 'float', possible loss of data
     1>c:\users\matt joncas\documents\visual studio 2013\projects\raknetclient\raknetclient\game.cpp(816): warning C4244: 'argument' : conversion from 'int' to 'float', possible loss of data
     1>c:\users\matt joncas\documents\visual studio 2013\projects\raknetclient\raknetclient\game.cpp(837): warning C4018: '<' : signed/unsigned mismatch
     1>c:\users\matt joncas\documents\visual studio 2013\projects\raknetclient\raknetclient\game.cpp(851): warning C4244: 'argument' : conversion from 'double' to 'int', possible loss of data
     1>c:\users\matt joncas\documents\visual studio 2013\projects\raknetclient\raknetclient\game.cpp(869): warning C4244: 'argument' : conversion from 'int' to 'float', possible loss of data
     1>c:\users\matt joncas\documents\visual studio 2013\projects\raknetclient\raknetclient\game.cpp(895): warning C4244: 'argument' : conversion from 'int' to 'float', possible loss of data
     1>c:\users\matt joncas\documents\visual studio 2013\projects\raknetclient\raknetclient\game.cpp(895): warning C4244: 'argument' : conversion from 'double' to 'float', possible loss of data
     1>c:\users\matt joncas\documents\visual studio 2013\projects\raknetclient\raknetclient\game.cpp(897): warning C4244: 'argument' : conversion from 'int' to 'float', possible loss of data
     1>c:\users\matt joncas\documents\visual studio 2013\projects\raknetclient\raknetclient\game.cpp(897): warning C4244: 'argument' : conversion from 'double' to 'float', possible loss of data
     1>c:\users\matt joncas\documents\visual studio 2013\projects\raknetclient\raknetclient\game.cpp(1020): warning C4018: '<' : signed/unsigned mismatch
     1>c:\users\matt joncas\documents\visual studio 2013\projects\raknetclient\raknetclient\game.cpp(1047): warning C4018: '<' : signed/unsigned mismatch
     1>c:\users\matt joncas\documents\visual studio 2013\projects\raknetclient\raknetclient\game.cpp(1065): warning C4018: '<' : signed/unsigned mismatch
     1>c:\users\matt joncas\documents\visual studio 2013\projects\raknetclient\raknetclient\game.cpp(1091): warning C4018: '<' : signed/unsigned mismatch
     1>c:\users\matt joncas\documents\visual studio 2013\projects\raknetclient\raknetclient\game.cpp(1102): warning C4018: '<' : signed/unsigned mismatch
     1>c:\users\matt joncas\documents\visual studio 2013\projects\raknetclient\raknetclient\game.cpp(1116): warning C4244: 'argument' : conversion from 'double' to 'int', possible loss of data
     1>c:\users\matt joncas\documents\visual studio 2013\projects\raknetclient\raknetclient\game.cpp(1137): warning C4018: '<' : signed/unsigned mismatch
     1>c:\users\matt joncas\documents\visual studio 2013\projects\raknetclient\raknetclient\game.cpp(1147): warning C4018: '<' : signed/unsigned mismatch
     1>c:\users\matt joncas\documents\visual studio 2013\projects\raknetclient\raknetclient\game.cpp(1173): warning C4018: '<' : signed/unsigned mismatch
     1>c:\users\matt joncas\documents\visual studio 2013\projects\raknetclient\raknetclient\game.cpp(1219): warning C4244: '-=' : conversion from 'float' to 'int', possible loss of data
     1>c:\users\matt joncas\documents\visual studio 2013\projects\raknetclient\raknetclient\game.cpp(1235): warning C4244: '=' : conversion from 'int' to 'float', possible loss of data
     1>c:\users\matt joncas\documents\visual studio 2013\projects\raknetclient\raknetclient\game.cpp(1236): warning C4018: '<' : signed/unsigned mismatch
     1>c:\users\matt joncas\documents\visual studio 2013\projects\raknetclient\raknetclient\game.cpp(1251): warning C4244: '=' : conversion from 'int' to 'float', possible loss of data
     1>c:\users\matt joncas\documents\visual studio 2013\projects\raknetclient\raknetclient\game.cpp(1268): warning C4018: '<' : signed/unsigned mismatch
     1>c:\users\matt joncas\documents\visual studio 2013\projects\raknetclient\raknetclient\game.cpp(1324): warning C4018: '<' : signed/unsigned mismatch
     1>c:\users\matt joncas\documents\visual studio 2013\projects\raknetclient\raknetclient\game.cpp(1329): warning C4018: '<' : signed/unsigned mismatch
     1>c:\users\matt joncas\documents\visual studio 2013\projects\raknetclient\raknetclient\game.cpp(1343): warning C4018: '<' : signed/unsigned mismatch
     1>c:\users\matt joncas\documents\visual studio 2013\projects\raknetclient\raknetclient\game.cpp(1344): warning C4018: '<' : signed/unsigned mismatch
     1>c:\users\matt joncas\documents\visual studio 2013\projects\raknetclient\raknetclient\game.cpp(1369): warning C4244: 'argument' : conversion from 'int' to 'float', possible loss of data
     1>c:\users\matt joncas\documents\visual studio 2013\projects\raknetclient\raknetclient\game.cpp(1395): warning C4244: '=' : conversion from 'int' to 'float', possible loss of data
     1>c:\users\matt joncas\documents\visual studio 2013\projects\raknetclient\raknetclient\game.cpp(1396): warning C4244: '=' : conversion from 'int' to 'float', possible loss of data
     1>c:\users\matt joncas\documents\visual studio 2013\projects\raknetclient\raknetclient\game.cpp(1457): warning C4244: 'argument' : conversion from 'float' to 'int', possible loss of data
     1>c:\users\matt joncas\documents\visual studio 2013\projects\raknetclient\raknetclient\game.cpp(1460): warning C4244: 'argument' : conversion from 'float' to 'int', possible loss of data
     1>c:\users\matt joncas\documents\visual studio 2013\projects\raknetclient\raknetclient\game.cpp(1476): warning C4244: 'argument' : conversion from 'float' to 'int', possible loss of data
     1>c:\users\matt joncas\documents\visual studio 2013\projects\raknetclient\raknetclient\game.cpp(1479): warning C4244: 'argument' : conversion from 'float' to 'int', possible loss of data
     1>c:\users\matt joncas\documents\visual studio 2013\projects\raknetclient\raknetclient\game.cpp(1490): warning C4018: '<' : signed/unsigned mismatch
     1>c:\users\matt joncas\documents\visual studio 2013\projects\raknetclient\raknetclient\game.cpp(1494): warning C4258: 'i' : definition from the for loop is ignored; the definition from the enclosing scope is used
                 c:\users\matt joncas\documents\visual studio 2013\projects\raknetclient\raknetclient\game.cpp(1490) : definition of 'i' ignored
                 c:\users\matt joncas\documents\visual studio 2013\projects\raknetclient\raknetclient\game.cpp(1376) : definition of 'i' used
     1>c:\users\matt joncas\documents\visual studio 2013\projects\raknetclient\raknetclient\game.cpp(1503): warning C4018: '<' : signed/unsigned mismatch
     1>c:\users\matt joncas\documents\visual studio 2013\projects\raknetclient\raknetclient\game.cpp(1507): warning C4258: 'i' : definition from the for loop is ignored; the definition from the enclosing scope is used
                 c:\users\matt joncas\documents\visual studio 2013\projects\raknetclient\raknetclient\game.cpp(1503) : definition of 'i' ignored
                 c:\users\matt joncas\documents\visual studio 2013\projects\raknetclient\raknetclient\game.cpp(1376) : definition of 'i' used
     1>c:\users\matt joncas\documents\visual studio 2013\projects\raknetclient\raknetclient\game.cpp(1530): warning C4018: '<' : signed/unsigned mismatch
     1>c:\users\matt joncas\documents\visual studio 2013\projects\raknetclient\raknetclient\game.cpp(1204): warning C4715: 'Game::CheckTiles' : not all control paths return a value
       Link:
         C:\Program Files (x86)\Microsoft Visual Studio 12.0\VC\bin\link.exe /ERRORREPORT:PROMPT /OUT:"C:\Users\Matt Joncas\Documents\Visual Studio 2013\Projects\RakNetClient\Debug\RakNetClient.exe" /INCREMENTAL /NOLOGO /LIBPATH:C:\SFML\lib /LIBPATH:"C:\Users\Matt Joncas\Documents\Visual Studio 2013\Projects\Renderer\Debug" /LIBPATH:"C:\Users\Matt Joncas\Desktop\soil\Simple OpenGL Image Library\lib" /LIBPATH:"C:\Users\Matt Joncas\Documents\Visual Studio 2013\Projects\GUI\Debug" "sfml-audio-d.lib" "sfml-graphics-d.lib" "sfml-network-d.lib" "sfml-window-d.lib" "sfml-system-d.lib" ws2_32.lib OpenGL32.lib glew32.lib Renderer.lib GUI.lib SOIL.lib /MANIFEST /MANIFESTUAC:"level='asInvoker' uiAccess='false'" /manifest:embed /DEBUG /PDB:"C:\Users\Matt Joncas\Documents\Visual Studio 2013\Projects\RakNetClient\Debug\RakNetClient.pdb" /SUBSYSTEM:CONSOLE /TLBID:1 /DYNAMICBASE /NXCOMPAT /IMPLIB:"C:\Users\Matt Joncas\Documents\Visual Studio 2013\Projects\RakNetClient\Debug\RakNetClient.lib" /MACHINE:X86 Debug\Base64Encoder.obj
         Debug\BitStream.obj
         Debug\CCRakNetSlidingWindow.obj
         Debug\CCRakNetUDT.obj
         Debug\CheckSum.obj
         Debug\CloudClient.obj
         Debug\CloudCommon.obj
         Debug\CloudServer.obj
         Debug\CommandParserInterface.obj
         Debug\ConnectionGraph2.obj
         Debug\ConsoleServer.obj
         Debug\DataCompressor.obj
         Debug\DirectoryDeltaTransfer.obj
         Debug\DR_SHA1.obj
         Debug\DS_BytePool.obj
         Debug\DS_ByteQueue.obj
         Debug\DS_HuffmanEncodingTree.obj
         Debug\DS_Table.obj
         Debug\DynDNS.obj
         Debug\EmailSender.obj
         Debug\EpochTimeToString.obj
         Debug\FileList.obj
         Debug\FileListTransfer.obj
         Debug\FileOperations.obj
         Debug\FormatString.obj
         Debug\FullyConnectedMesh2.obj
         Debug\Getche.obj
         Debug\Gets.obj
         Debug\GetTime.obj
         Debug\gettimeofday.obj
         Debug\GridSectorizer.obj
         Debug\HTTPConnection.obj
         Debug\HTTPConnection2.obj
         Debug\IncrementalReadInterface.obj
         Debug\Itoa.obj
         Debug\LinuxStrings.obj
         Debug\LocklessTypes.obj
         Debug\LogCommandParser.obj
         Debug\MessageFilter.obj
         Debug\NatPunchthroughClient.obj
         Debug\NatPunchthroughServer.obj
         Debug\NatTypeDetectionClient.obj
         Debug\NatTypeDetectionCommon.obj
         Debug\NatTypeDetectionServer.obj
         Debug\NetworkIDManager.obj
         Debug\NetworkIDObject.obj
         Debug\PacketConsoleLogger.obj
         Debug\PacketFileLogger.obj
         Debug\PacketizedTCP.obj
         Debug\PacketLogger.obj
         Debug\PacketOutputWindowLogger.obj
         Debug\PluginInterface2.obj
         Debug\PS4Includes.obj
         Debug\Rackspace.obj
         Debug\RakMemoryOverride.obj
         Debug\RakNetCommandParser.obj
         Debug\RakNetSocket.obj
         Debug\RakNetSocket2.obj
         Debug\RakNetSocket2_360_720.obj
         Debug\RakNetSocket2_Berkley.obj
         Debug\RakNetSocket2_Berkley_NativeClient.obj
         Debug\RakNetSocket2_NativeClient.obj
         Debug\RakNetSocket2_PS3_PS4.obj
         Debug\RakNetSocket2_PS4.obj
         Debug\RakNetSocket2_Vita.obj
         Debug\RakNetSocket2_WindowsStore8.obj
         Debug\RakNetSocket2_Windows_Linux.obj
         Debug\RakNetSocket2_Windows_Linux_360.obj
         Debug\RakNetStatistics.obj
         Debug\RakNetTransport2.obj
         Debug\RakNetTypes.obj
         Debug\RakPeer.obj
         Debug\RakSleep.obj
         Debug\RakString.obj
         Debug\RakThread.obj
         Debug\RakWString.obj
         Debug\Rand.obj
         Debug\RandSync.obj
         Debug\ReadyEvent.obj
         Debug\RelayPlugin.obj
         Debug\ReliabilityLayer.obj
         Debug\ReplicaManager3.obj
         Debug\Router2.obj
         Debug\RPC4Plugin.obj
         Debug\SecureHandshake.obj
         Debug\SendToThread.obj
         Debug\SignaledEvent.obj
         Debug\SimpleMutex.obj
         Debug\SocketLayer.obj
         Debug\StatisticsHistory.obj
         Debug\StringCompressor.obj
         Debug\StringTable.obj
         Debug\SuperFastHash.obj
         Debug\TableSerializer.obj
         Debug\TCPInterface.obj
         Debug\TeamBalancer.obj
         Debug\TeamManager.obj
         Debug\TelnetTransport.obj
         Debug\ThreadsafePacketLogger.obj
         Debug\TwoWayAuthentication.obj
         Debug\UDPForwarder.obj
         Debug\UDPProxyClient.obj
         Debug\UDPProxyCoordinator.obj
         Debug\UDPProxyServer.obj
         Debug\VariableDeltaSerializer.obj
         Debug\VariableListDeltaTracker.obj
         Debug\VariadicSQLParser.obj
         Debug\VitaIncludes.obj
         Debug\WSAStartupSingleton.obj
         Debug\_FindFirst.obj
         Debug\Game.obj
         Debug\main.obj
         Debug\NetworkManager.obj
         Debug\Player.obj
         Debug\Tile.obj
         RakNetClient.vcxproj -> C:\Users\Matt Joncas\Documents\Visual Studio 2013\Projects\RakNetClient\Debug\RakNetClient.exe
     1>Done Building Project "C:\Users\Matt Joncas\Documents\Visual Studio 2013\Projects\RakNetClient\RakNetClient\RakNetClient.vcxproj" (Build target(s)).

Build succeeded.

Time Elapsed 00:00:02.82
