c:\users\matt joncas\documents\visual studio 2013\projects\raknetclient\raknetclient\debug\vc120.pdb
c:\users\matt joncas\documents\visual studio 2013\projects\raknetclient\raknetclient\debug\vc120.idb
c:\users\matt joncas\documents\visual studio 2013\projects\raknetclient\raknetclient\debug\teambalancer.obj
c:\users\matt joncas\documents\visual studio 2013\projects\raknetclient\raknetclient\debug\teammanager.obj
c:\users\matt joncas\documents\visual studio 2013\projects\raknetclient\raknetclient\debug\telnettransport.obj
c:\users\matt joncas\documents\visual studio 2013\projects\raknetclient\raknetclient\debug\threadsafepacketlogger.obj
c:\users\matt joncas\documents\visual studio 2013\projects\raknetclient\raknetclient\debug\twowayauthentication.obj
c:\users\matt joncas\documents\visual studio 2013\projects\raknetclient\raknetclient\debug\udpforwarder.obj
c:\users\matt joncas\documents\visual studio 2013\projects\raknetclient\raknetclient\debug\udpproxyclient.obj
c:\users\matt joncas\documents\visual studio 2013\projects\raknetclient\raknetclient\debug\udpproxycoordinator.obj
c:\users\matt joncas\documents\visual studio 2013\projects\raknetclient\raknetclient\debug\udpproxyserver.obj
c:\users\matt joncas\documents\visual studio 2013\projects\raknetclient\raknetclient\debug\variabledeltaserializer.obj
c:\users\matt joncas\documents\visual studio 2013\projects\raknetclient\raknetclient\debug\variablelistdeltatracker.obj
c:\users\matt joncas\documents\visual studio 2013\projects\raknetclient\raknetclient\debug\variadicsqlparser.obj
c:\users\matt joncas\documents\visual studio 2013\projects\raknetclient\raknetclient\debug\vitaincludes.obj
c:\users\matt joncas\documents\visual studio 2013\projects\raknetclient\raknetclient\debug\wsastartupsingleton.obj
c:\users\matt joncas\documents\visual studio 2013\projects\raknetclient\raknetclient\debug\_findfirst.obj
c:\users\matt joncas\documents\visual studio 2013\projects\raknetclient\raknetclient\debug\main.obj
c:\users\matt joncas\documents\visual studio 2013\projects\raknetclient\raknetclient\debug\networkmanager.obj
c:\users\matt joncas\documents\visual studio 2013\projects\raknetclient\raknetclient\debug\player.obj
c:\users\matt joncas\documents\visual studio 2013\projects\raknetclient\raknetclient\debug\tile.obj
c:\users\matt joncas\documents\visual studio 2013\projects\raknetclient\raknetclient\debug\rakwstring.obj
c:\users\matt joncas\documents\visual studio 2013\projects\raknetclient\raknetclient\debug\rand.obj
c:\users\matt joncas\documents\visual studio 2013\projects\raknetclient\raknetclient\debug\randsync.obj
c:\users\matt joncas\documents\visual studio 2013\projects\raknetclient\raknetclient\debug\readyevent.obj
c:\users\matt joncas\documents\visual studio 2013\projects\raknetclient\raknetclient\debug\relayplugin.obj
c:\users\matt joncas\documents\visual studio 2013\projects\raknetclient\raknetclient\debug\reliabilitylayer.obj
c:\users\matt joncas\documents\visual studio 2013\projects\raknetclient\raknetclient\debug\replicamanager3.obj
c:\users\matt joncas\documents\visual studio 2013\projects\raknetclient\raknetclient\debug\router2.obj
c:\users\matt joncas\documents\visual studio 2013\projects\raknetclient\raknetclient\debug\rpc4plugin.obj
c:\users\matt joncas\documents\visual studio 2013\projects\raknetclient\raknetclient\debug\securehandshake.obj
c:\users\matt joncas\documents\visual studio 2013\projects\raknetclient\raknetclient\debug\sendtothread.obj
c:\users\matt joncas\documents\visual studio 2013\projects\raknetclient\raknetclient\debug\signaledevent.obj
c:\users\matt joncas\documents\visual studio 2013\projects\raknetclient\raknetclient\debug\simplemutex.obj
c:\users\matt joncas\documents\visual studio 2013\projects\raknetclient\raknetclient\debug\socketlayer.obj
c:\users\matt joncas\documents\visual studio 2013\projects\raknetclient\raknetclient\debug\statisticshistory.obj
c:\users\matt joncas\documents\visual studio 2013\projects\raknetclient\raknetclient\debug\stringcompressor.obj
c:\users\matt joncas\documents\visual studio 2013\projects\raknetclient\raknetclient\debug\stringtable.obj
c:\users\matt joncas\documents\visual studio 2013\projects\raknetclient\raknetclient\debug\superfasthash.obj
c:\users\matt joncas\documents\visual studio 2013\projects\raknetclient\raknetclient\debug\tableserializer.obj
c:\users\matt joncas\documents\visual studio 2013\projects\raknetclient\raknetclient\debug\tcpinterface.obj
c:\users\matt joncas\documents\visual studio 2013\projects\raknetclient\raknetclient\debug\raknetcommandparser.obj
c:\users\matt joncas\documents\visual studio 2013\projects\raknetclient\raknetclient\debug\raknetsocket.obj
c:\users\matt joncas\documents\visual studio 2013\projects\raknetclient\raknetclient\debug\raknetsocket2.obj
c:\users\matt joncas\documents\visual studio 2013\projects\raknetclient\raknetclient\debug\raknetsocket2_360_720.obj
c:\users\matt joncas\documents\visual studio 2013\projects\raknetclient\raknetclient\debug\raknetsocket2_berkley.obj
c:\users\matt joncas\documents\visual studio 2013\projects\raknetclient\raknetclient\debug\raknetsocket2_berkley_nativeclient.obj
c:\users\matt joncas\documents\visual studio 2013\projects\raknetclient\raknetclient\debug\raknetsocket2_nativeclient.obj
c:\users\matt joncas\documents\visual studio 2013\projects\raknetclient\raknetclient\debug\raknetsocket2_ps3_ps4.obj
c:\users\matt joncas\documents\visual studio 2013\projects\raknetclient\raknetclient\debug\raknetsocket2_ps4.obj
c:\users\matt joncas\documents\visual studio 2013\projects\raknetclient\raknetclient\debug\raknetsocket2_vita.obj
c:\users\matt joncas\documents\visual studio 2013\projects\raknetclient\raknetclient\debug\raknetsocket2_windowsstore8.obj
c:\users\matt joncas\documents\visual studio 2013\projects\raknetclient\raknetclient\debug\raknetsocket2_windows_linux.obj
c:\users\matt joncas\documents\visual studio 2013\projects\raknetclient\raknetclient\debug\raknetsocket2_windows_linux_360.obj
c:\users\matt joncas\documents\visual studio 2013\projects\raknetclient\raknetclient\debug\raknetstatistics.obj
c:\users\matt joncas\documents\visual studio 2013\projects\raknetclient\raknetclient\debug\raknettransport2.obj
c:\users\matt joncas\documents\visual studio 2013\projects\raknetclient\raknetclient\debug\raknettypes.obj
c:\users\matt joncas\documents\visual studio 2013\projects\raknetclient\raknetclient\debug\rakpeer.obj
c:\users\matt joncas\documents\visual studio 2013\projects\raknetclient\raknetclient\debug\raksleep.obj
c:\users\matt joncas\documents\visual studio 2013\projects\raknetclient\raknetclient\debug\rakstring.obj
c:\users\matt joncas\documents\visual studio 2013\projects\raknetclient\raknetclient\debug\rakthread.obj
c:\users\matt joncas\documents\visual studio 2013\projects\raknetclient\raknetclient\debug\linuxstrings.obj
c:\users\matt joncas\documents\visual studio 2013\projects\raknetclient\raknetclient\debug\locklesstypes.obj
c:\users\matt joncas\documents\visual studio 2013\projects\raknetclient\raknetclient\debug\logcommandparser.obj
c:\users\matt joncas\documents\visual studio 2013\projects\raknetclient\raknetclient\debug\messagefilter.obj
c:\users\matt joncas\documents\visual studio 2013\projects\raknetclient\raknetclient\debug\natpunchthroughclient.obj
c:\users\matt joncas\documents\visual studio 2013\projects\raknetclient\raknetclient\debug\natpunchthroughserver.obj
c:\users\matt joncas\documents\visual studio 2013\projects\raknetclient\raknetclient\debug\nattypedetectionclient.obj
c:\users\matt joncas\documents\visual studio 2013\projects\raknetclient\raknetclient\debug\nattypedetectioncommon.obj
c:\users\matt joncas\documents\visual studio 2013\projects\raknetclient\raknetclient\debug\nattypedetectionserver.obj
c:\users\matt joncas\documents\visual studio 2013\projects\raknetclient\raknetclient\debug\networkidmanager.obj
c:\users\matt joncas\documents\visual studio 2013\projects\raknetclient\raknetclient\debug\networkidobject.obj
c:\users\matt joncas\documents\visual studio 2013\projects\raknetclient\raknetclient\debug\packetconsolelogger.obj
c:\users\matt joncas\documents\visual studio 2013\projects\raknetclient\raknetclient\debug\packetfilelogger.obj
c:\users\matt joncas\documents\visual studio 2013\projects\raknetclient\raknetclient\debug\packetizedtcp.obj
c:\users\matt joncas\documents\visual studio 2013\projects\raknetclient\raknetclient\debug\packetlogger.obj
c:\users\matt joncas\documents\visual studio 2013\projects\raknetclient\raknetclient\debug\packetoutputwindowlogger.obj
c:\users\matt joncas\documents\visual studio 2013\projects\raknetclient\raknetclient\debug\plugininterface2.obj
c:\users\matt joncas\documents\visual studio 2013\projects\raknetclient\raknetclient\debug\ps4includes.obj
c:\users\matt joncas\documents\visual studio 2013\projects\raknetclient\raknetclient\debug\rackspace.obj
c:\users\matt joncas\documents\visual studio 2013\projects\raknetclient\raknetclient\debug\rakmemoryoverride.obj
c:\users\matt joncas\documents\visual studio 2013\projects\raknetclient\raknetclient\debug\ds_bytequeue.obj
c:\users\matt joncas\documents\visual studio 2013\projects\raknetclient\raknetclient\debug\ds_huffmanencodingtree.obj
c:\users\matt joncas\documents\visual studio 2013\projects\raknetclient\raknetclient\debug\ds_table.obj
c:\users\matt joncas\documents\visual studio 2013\projects\raknetclient\raknetclient\debug\dyndns.obj
c:\users\matt joncas\documents\visual studio 2013\projects\raknetclient\raknetclient\debug\emailsender.obj
c:\users\matt joncas\documents\visual studio 2013\projects\raknetclient\raknetclient\debug\epochtimetostring.obj
c:\users\matt joncas\documents\visual studio 2013\projects\raknetclient\raknetclient\debug\filelist.obj
c:\users\matt joncas\documents\visual studio 2013\projects\raknetclient\raknetclient\debug\filelisttransfer.obj
c:\users\matt joncas\documents\visual studio 2013\projects\raknetclient\raknetclient\debug\fileoperations.obj
c:\users\matt joncas\documents\visual studio 2013\projects\raknetclient\raknetclient\debug\formatstring.obj
c:\users\matt joncas\documents\visual studio 2013\projects\raknetclient\raknetclient\debug\fullyconnectedmesh2.obj
c:\users\matt joncas\documents\visual studio 2013\projects\raknetclient\raknetclient\debug\getche.obj
c:\users\matt joncas\documents\visual studio 2013\projects\raknetclient\raknetclient\debug\gets.obj
c:\users\matt joncas\documents\visual studio 2013\projects\raknetclient\raknetclient\debug\gettime.obj
c:\users\matt joncas\documents\visual studio 2013\projects\raknetclient\raknetclient\debug\gettimeofday.obj
c:\users\matt joncas\documents\visual studio 2013\projects\raknetclient\raknetclient\debug\gridsectorizer.obj
c:\users\matt joncas\documents\visual studio 2013\projects\raknetclient\raknetclient\debug\httpconnection.obj
c:\users\matt joncas\documents\visual studio 2013\projects\raknetclient\raknetclient\debug\httpconnection2.obj
c:\users\matt joncas\documents\visual studio 2013\projects\raknetclient\raknetclient\debug\incrementalreadinterface.obj
c:\users\matt joncas\documents\visual studio 2013\projects\raknetclient\raknetclient\debug\itoa.obj
c:\users\matt joncas\documents\visual studio 2013\projects\raknetclient\raknetclient\debug\base64encoder.obj
c:\users\matt joncas\documents\visual studio 2013\projects\raknetclient\raknetclient\debug\bitstream.obj
c:\users\matt joncas\documents\visual studio 2013\projects\raknetclient\raknetclient\debug\ccraknetslidingwindow.obj
c:\users\matt joncas\documents\visual studio 2013\projects\raknetclient\raknetclient\debug\ccraknetudt.obj
c:\users\matt joncas\documents\visual studio 2013\projects\raknetclient\raknetclient\debug\checksum.obj
c:\users\matt joncas\documents\visual studio 2013\projects\raknetclient\raknetclient\debug\cloudclient.obj
c:\users\matt joncas\documents\visual studio 2013\projects\raknetclient\raknetclient\debug\cloudcommon.obj
c:\users\matt joncas\documents\visual studio 2013\projects\raknetclient\raknetclient\debug\cloudserver.obj
c:\users\matt joncas\documents\visual studio 2013\projects\raknetclient\raknetclient\debug\commandparserinterface.obj
c:\users\matt joncas\documents\visual studio 2013\projects\raknetclient\raknetclient\debug\connectiongraph2.obj
c:\users\matt joncas\documents\visual studio 2013\projects\raknetclient\raknetclient\debug\consoleserver.obj
c:\users\matt joncas\documents\visual studio 2013\projects\raknetclient\raknetclient\debug\datacompressor.obj
c:\users\matt joncas\documents\visual studio 2013\projects\raknetclient\raknetclient\debug\directorydeltatransfer.obj
c:\users\matt joncas\documents\visual studio 2013\projects\raknetclient\raknetclient\debug\dr_sha1.obj
c:\users\matt joncas\documents\visual studio 2013\projects\raknetclient\raknetclient\debug\ds_bytepool.obj
c:\users\matt joncas\documents\visual studio 2013\projects\raknetclient\raknetclient\debug\raknetclient.tlog\cl.command.1.tlog
c:\users\matt joncas\documents\visual studio 2013\projects\raknetclient\raknetclient\debug\raknetclient.tlog\cl.read.1.tlog
c:\users\matt joncas\documents\visual studio 2013\projects\raknetclient\raknetclient\debug\raknetclient.tlog\cl.write.1.tlog
